[handleMsg]:  {
  key: {
    remoteJid: '5493512474193@s.whatsapp.net',
    fromMe: false,
    id: '3EB0C7EBD6BEE95E0D0D99',
    participant: undefined
  },
  messageTimestamp: 1739313907,
  pushName: 'Exequiel',
  broadcast: false,
  message: Message {
    conversation: 'asfd',
    messageContextInfo: MessageContextInfo {
      deviceListMetadata: [DeviceListMetadata],
      deviceListMetadataVersion: 2,
      messageSecret: [Uint8Array]
    }
  },
  body: 'asfd',
  from: '5493512474193'
}
[handleMsg]:  {
  key: {
    remoteJid: '5493512474193@s.whatsapp.net',
    fromMe: false,
    id: '3EB0C4974A272732DF8B88',
    participant: undefined
  },
  messageTimestamp: 1739313907,
  pushName: 'Exequiel',
  broadcast: false,
  message: Message {
    conversation: 'asdf',
    messageContextInfo: MessageContextInfo {
      deviceListMetadata: [DeviceListMetadata],
      deviceListMetadataVersion: 2,
      messageSecret: [Uint8Array]
    }
  },
  body: 'asdf',
  from: '5493512474193'
}
[QUEUE_SE_ENVIO]:  {
  ref: 'ans_3f5abe7c-d177-4047-a2ec-131c6446bb51',
  keyword: 'key_c58da60e-6c29-409b-8f17-fe22d0a51872',
  answer: '🙌 ¡Hola! Te damos la bienvenida a la Escuela de A M.',
  options: {
    media: null,
    buttons: [],
    capture: false,
    child: null,
    delay: 0,
    idle: null,
    ref: null,
    nested: [],
    keyword: {},
    callback: false
  },
  refSerialize: 'b4182c24278326dbe27c6a1b498aa1a6'
}
[QUEUE_SE_ENVIO]:  {
  ref: 'ans_3f5abe7c-d177-4047-a2ec-131c6446bb51',
  keyword: 'key_c58da60e-6c29-409b-8f17-fe22d0a51872',
  answer: '🙌 ¡Hola! Te damos la bienvenida a la Escuela de A M.',
  options: {
    media: null,
    buttons: [],
    capture: false,
    child: null,
    delay: 0,
    idle: null,
    ref: null,
    nested: [],
    keyword: {},
    callback: false
  },
  refSerialize: 'b4182c24278326dbe27c6a1b498aa1a6'
}
[QUEUE_SE_ENVIO]:  {
  ref: 'ans_e7223548-cf27-4685-8c9c-c047d8d6062c',
  keyword: 'ans_3f5abe7c-d177-4047-a2ec-131c6446bb51',
  answer: 'Por favor ingresa el número que corresponda a tu consulta:',
  options: {
    media: null,
    buttons: [],
    capture: false,
    child: null,
    delay: 0,
    idle: null,
    ref: null,
    nested: [],
    keyword: {},
    callback: false
  },
  refSerialize: 'e2fc2b0b12604f4bb35cfa7bd75988e0'
}
[QUEUE_SE_ENVIO]:  {
  ref: 'ans_e7223548-cf27-4685-8c9c-c047d8d6062c',
  keyword: 'ans_3f5abe7c-d177-4047-a2ec-131c6446bb51',
  answer: 'Por favor ingresa el número que corresponda a tu consulta:',
  options: {
    media: null,
    buttons: [],
    capture: false,
    child: null,
    delay: 0,
    idle: null,
    ref: null,
    nested: [],
    keyword: {},
    callback: false
  },
  refSerialize: 'e2fc2b0b12604f4bb35cfa7bd75988e0'
}
[QUEUE_SE_ENVIO]:  {
  ref: 'ans_14b74676-a2d9-4e55-af9f-535ab4198f19',
  keyword: 'ans_e7223548-cf27-4685-8c9c-c047d8d6062c',
  answer: '1- Soy interesado/candidato a la Carrera de Oficial de la Fuerza Aérea.\n' +
    '2- Soy Consultora de Orientación Vocacional/ Academia de preparación para el ingreso/Colegio Secundario/Aeroclub/ExpoCarrera/Otros eventos\n' +
    '3- Soy Oficial de Enlace de Difusión de la Fuerza Aérea.',
  options: {
    media: null,
    buttons: [],
    capture: false,
    child: null,
    delay: 0,
    idle: null,
    ref: null,
    nested: [],
    keyword: {},
    callback: false
  },
  refSerialize: 'f02931044bfe9aba91454636e1274519'
}
[QUEUE_SE_ENVIO]:  {
  ref: 'ans_14b74676-a2d9-4e55-af9f-535ab4198f19',
  keyword: 'ans_e7223548-cf27-4685-8c9c-c047d8d6062c',
  answer: '1- Soy interesado/candidato a la Carrera de Oficial de la Fuerza Aérea.\n' +
    '2- Soy Consultora de Orientación Vocacional/ Academia de preparación para el ingreso/Colegio Secundario/Aeroclub/ExpoCarrera/Otros eventos\n' +
    '3- Soy Oficial de Enlace de Difusión de la Fuerza Aérea.',
  options: {
    media: null,
    buttons: [],
    capture: false,
    child: null,
    delay: 0,
    idle: null,
    ref: null,
    nested: [],
    keyword: {},
    callback: false
  },
  refSerialize: 'f02931044bfe9aba91454636e1274519'
}
[QUEUE_SE_ENVIO]:  {
  ref: 'ans_eba30da2-e90f-4289-af7e-b989a725c30a',
  keyword: 'ans_14b74676-a2d9-4e55-af9f-535ab4198f19',
  answer: 'Te recordamos que nuestra atención vía WhatsApp es de lunes a viernes,\n' +
    'de 8.00 hs a 14.00 hs. y que esta línea no admite llamadas,\n' +
    'videollamadas ni mensajes de audio.',
  options: {
    media: null,
    buttons: [],
    capture: false,
    child: null,
    delay: 0,
    idle: null,
    ref: null,
    nested: [ [Object], [Object], [Object] ],
    keyword: {},
    callback: false
  },
  refSerialize: 'dd3ef024eee946da66b103ab1dc54c89'
}
[QUEUE_SE_ENVIO]:  {
  ref: 'ans_eba30da2-e90f-4289-af7e-b989a725c30a',
  keyword: 'ans_14b74676-a2d9-4e55-af9f-535ab4198f19',
  answer: 'Te recordamos que nuestra atención vía WhatsApp es de lunes a viernes,\n' +
    'de 8.00 hs a 14.00 hs. y que esta línea no admite llamadas,\n' +
    'videollamadas ni mensajes de audio.',
  options: {
    media: null,
    buttons: [],
    capture: false,
    child: null,
    delay: 0,
    idle: null,
    ref: null,
    nested: [ [Object], [Object], [Object] ],
    keyword: {},
    callback: false
  },
  refSerialize: 'dd3ef024eee946da66b103ab1dc54c89'
}
[handleMsg]:  {
  key: {
    remoteJid: '5493512474193@s.whatsapp.net',
    fromMe: false,
    id: '3EB0B09B34BEE8ACB57214',
    participant: undefined
  },
  messageTimestamp: 1739313917,
  pushName: 'Exequiel',
  broadcast: false,
  message: Message {
    conversation: '1',
    messageContextInfo: MessageContextInfo {
      deviceListMetadata: [DeviceListMetadata],
      deviceListMetadataVersion: 2,
      messageSecret: [Uint8Array]
    }
  },
  body: '1',
  from: '5493512474193'
}
[QUEUE_SE_ENVIO]:  {
  ref: 'ans_0c141643-12bd-4778-958a-049ae926ba33',
  keyword: 'key_9e6f1d59-c2d7-4b7a-8886-db88724f00e9',
  answer: '📄 Para guiarte mejor, indicanos el número que corresponda:',
  options: {
    media: null,
    buttons: [],
    capture: false,
    child: null,
    delay: 0,
    idle: null,
    ref: null,
    nested: [],
    keyword: {},
    callback: false
  },
  refSerialize: 'aad189e368c2aa65eb765eec0fa509a3'
}
[QUEUE_SE_ENVIO]:  {
  ref: 'ans_010a53a6-f99d-424c-97b6-e27e140ba409',
  keyword: 'ans_0c141643-12bd-4778-958a-049ae926ba33',
  answer: '1- Consultas sobre la incorporación.\n' +
    '2- Consultas sobre la Carrera.\n' +
    '3- Consultas generales.',
  options: {
    media: null,
    buttons: [],
    capture: false,
    child: null,
    delay: 0,
    idle: null,
    ref: null,
    nested: [ [Object], [Object], [Object] ],
    keyword: {},
    callback: false
  },
  refSerialize: '3b67c618dfceb32936cbba00bda3d0f0'
}
[handleMsg]:  {
  key: {
    remoteJid: '5493512474193@s.whatsapp.net',
    fromMe: false,
    id: '3EB0B8F7D3776D259ED8E5',
    participant: undefined
  },
  messageTimestamp: 1739313920,
  pushName: 'Exequiel',
  broadcast: false,
  message: Message {
    conversation: '1',
    messageContextInfo: MessageContextInfo {
      deviceListMetadata: [DeviceListMetadata],
      deviceListMetadataVersion: 2,
      messageSecret: [Uint8Array]
    }
  },
  body: '1',
  from: '5493512474193'
}
[QUEUE_SE_ENVIO]:  {
  ref: 'ans_20caebbc-ae48-40c9-a095-351c55bdde65',
  keyword: 'key_cb4b95de-70c2-4323-b14c-b1e956a933ac',
  answer: '📄 Para poder ayudarte, escribí el número que corresponda a lo que necesitás:',
  options: {
    media: null,
    buttons: [],
    capture: false,
    child: null,
    delay: 0,
    idle: null,
    ref: null,
    nested: [],
    keyword: {},
    callback: false
  },
  refSerialize: '9ad269697867ca762b0ffd100727d68c'
}
[QUEUE_SE_ENVIO]:  {
  ref: 'ans_91ab3c39-b69f-4c2e-9dd4-b46b57aa1494',
  keyword: 'ans_20caebbc-ae48-40c9-a095-351c55bdde65',
  answer: '1- Requisitos de ingreso.\n2- Pasos para ingresar.',
  options: {
    media: null,
    buttons: [],
    capture: false,
    child: null,
    delay: 0,
    idle: null,
    ref: null,
    nested: [ [Object], [Object], [Object] ],
    keyword: {},
    callback: false
  },
  refSerialize: '124ac6fa713cd309721f916f4d658b80'
}
[handleMsg]:  {
  key: {
    remoteJid: '5493512474193@s.whatsapp.net',
    fromMe: false,
    id: '3EB01B9ED8DF48C8719BC7',
    participant: undefined
  },
  messageTimestamp: 1739313932,
  pushName: 'Exequiel',
  broadcast: false,
  message: Message {
    conversation: '1',
    messageContextInfo: MessageContextInfo {
      deviceListMetadata: [DeviceListMetadata],
      deviceListMetadataVersion: 2,
      messageSecret: [Uint8Array]
    }
  },
  body: '1',
  from: '5493512474193'
}
[QUEUE_SE_ENVIO]:  {
  ref: 'ans_3b38eacd-3bbc-4826-bdd0-cc5212433270',
  keyword: 'key_fa985207-55b0-4ef2-be4f-c311e0e47b29',
  answer: '📄 Los Requisitos de Ingreso son:',
  options: {
    media: null,
    buttons: [],
    capture: false,
    child: null,
    delay: 0,
    idle: null,
    ref: null,
    nested: [],
    keyword: {},
    callback: false
  },
  refSerialize: 'ee257a8087a62675e66542ad961f4722'
}
[QUEUE_SE_ENVIO]:  {
  ref: 'ans_31267a27-4cd2-42b8-b438-c549eb50c281',
  keyword: 'ans_3b38eacd-3bbc-4826-bdd0-cc5212433270',
  answer: 'La Carrera de Oficial de la Fuerza Aérea Argentina es de Nivel Universitario, en tanto para poder ingresar, es necesario haber finalizado el colegio secundario.\n' +
    '1. Ser argentino/a nativo/a o por opción.\n' +
    '2. Ser de estado civil soltero/a.\n' +
    '3. Tener entre 16 años como mínimo y 24 como máximo al 01 de marzo.\n' +
    '4. No haber sido dado de baja por mala conducta o aplazado en aptitudes militares, en alguno de los Institutos de las Fuerzas Armadas, o haber sido condenado en sede civil o militar, por delitos de cualquier índole.\n' +
    '5. Tener aprobado y finalizado el ciclo de enseñanza secundaria.\n' +
    '6. Poseer DNI actualizado y en buenas condiciones.\n' +
    '7. Contar con consentimiento de sus padres o representante legal si es menor a 18 años.\n' +
    '8. Ser sano y tener aptitud psicofisiológica que le permita el cumplimiento de las actividades que impone el servicio de las armas, de acuerdo a lo establecido en la Reglamentación vigente.\n' +
    '9. Poseer el Plan Nacional de Vacunación completo, incluido el esquema completo anti-hepatitis A y B, debiendo presentar el certificado de vacunación original de dicho plan.\n' +
    '10. Aprobar los exámenes académico y definitivo (físico, psicotécnico y adaptación a la vida militar) estipulados en el Cuadernillo de Ingreso.\n' +
    '11. Completar y presentar los formularios y la documentación exigida para la inscripción.',
  options: {
    media: null,
    buttons: [],
    capture: false,
    child: null,
    delay: 0,
    idle: null,
    ref: null,
    nested: [],
    keyword: {},
    callback: true
  },
  refSerialize: '93853080e2de63ac07fdaacd6e1b3f45'
}
[handleMsg]:  {
  key: {
    remoteJid: '5493512474193@s.whatsapp.net',
    fromMe: false,
    id: '3EB0AEAA5CE197DB3606B6',
    participant: undefined
  },
  messageTimestamp: 1739313940,
  pushName: 'Exequiel',
  broadcast: false,
  message: Message {
    conversation: '1',
    messageContextInfo: MessageContextInfo {
      deviceListMetadata: [DeviceListMetadata],
      deviceListMetadataVersion: 2,
      messageSecret: [Uint8Array]
    }
  },
  body: '1',
  from: '5493512474193'
}
[QUEUE_SE_ENVIO]:  {
  ref: 'ans_20caebbc-ae48-40c9-a095-351c55bdde65',
  keyword: 'key_cb4b95de-70c2-4323-b14c-b1e956a933ac',
  answer: '📄 Para poder ayudarte, escribí el número que corresponda a lo que necesitás:',
  options: {
    media: null,
    buttons: [],
    capture: false,
    child: null,
    delay: 0,
    idle: null,
    ref: null,
    nested: [],
    keyword: {},
    callback: false
  },
  refSerialize: '9ad269697867ca762b0ffd100727d68c'
}
[QUEUE_SE_ENVIO]:  {
  ref: 'ans_91ab3c39-b69f-4c2e-9dd4-b46b57aa1494',
  keyword: 'ans_20caebbc-ae48-40c9-a095-351c55bdde65',
  answer: '1- Requisitos de ingreso.\n2- Pasos para ingresar.',
  options: {
    media: null,
    buttons: [],
    capture: false,
    child: null,
    delay: 0,
    idle: null,
    ref: null,
    nested: [ [Object], [Object], [Object] ],
    keyword: {},
    callback: false
  },
  refSerialize: '124ac6fa713cd309721f916f4d658b80'
}
[handleMsg]:  {
  key: {
    remoteJid: '5493512474193@s.whatsapp.net',
    fromMe: false,
    id: '3EB06EA3A762F469F22F7E',
    participant: undefined
  },
  messageTimestamp: 1739313944,
  pushName: 'Exequiel',
  broadcast: false,
  message: Message {
    conversation: '1',
    messageContextInfo: MessageContextInfo {
      deviceListMetadata: [DeviceListMetadata],
      deviceListMetadataVersion: 2,
      messageSecret: [Uint8Array]
    }
  },
  body: '1',
  from: '5493512474193'
}
[QUEUE_SE_ENVIO]:  {
  ref: 'ans_3b38eacd-3bbc-4826-bdd0-cc5212433270',
  keyword: 'key_fa985207-55b0-4ef2-be4f-c311e0e47b29',
  answer: '📄 Los Requisitos de Ingreso son:',
  options: {
    media: null,
    buttons: [],
    capture: false,
    child: null,
    delay: 0,
    idle: null,
    ref: null,
    nested: [],
    keyword: {},
    callback: false
  },
  refSerialize: 'ee257a8087a62675e66542ad961f4722'
}
[QUEUE_SE_ENVIO]:  {
  ref: 'ans_31267a27-4cd2-42b8-b438-c549eb50c281',
  keyword: 'ans_3b38eacd-3bbc-4826-bdd0-cc5212433270',
  answer: 'La Carrera de Oficial de la Fuerza Aérea Argentina es de Nivel Universitario, en tanto para poder ingresar, es necesario haber finalizado el colegio secundario.\n' +
    '1. Ser argentino/a nativo/a o por opción.\n' +
    '2. Ser de estado civil soltero/a.\n' +
    '3. Tener entre 16 años como mínimo y 24 como máximo al 01 de marzo.\n' +
    '4. No haber sido dado de baja por mala conducta o aplazado en aptitudes militares, en alguno de los Institutos de las Fuerzas Armadas, o haber sido condenado en sede civil o militar, por delitos de cualquier índole.\n' +
    '5. Tener aprobado y finalizado el ciclo de enseñanza secundaria.\n' +
    '6. Poseer DNI actualizado y en buenas condiciones.\n' +
    '7. Contar con consentimiento de sus padres o representante legal si es menor a 18 años.\n' +
    '8. Ser sano y tener aptitud psicofisiológica que le permita el cumplimiento de las actividades que impone el servicio de las armas, de acuerdo a lo establecido en la Reglamentación vigente.\n' +
    '9. Poseer el Plan Nacional de Vacunación completo, incluido el esquema completo anti-hepatitis A y B, debiendo presentar el certificado de vacunación original de dicho plan.\n' +
    '10. Aprobar los exámenes académico y definitivo (físico, psicotécnico y adaptación a la vida militar) estipulados en el Cuadernillo de Ingreso.\n' +
    '11. Completar y presentar los formularios y la documentación exigida para la inscripción.',
  options: {
    media: null,
    buttons: [],
    capture: false,
    child: null,
    delay: 0,
    idle: null,
    ref: null,
    nested: [],
    keyword: {},
    callback: true
  },
  refSerialize: '93853080e2de63ac07fdaacd6e1b3f45'
}
