5493512474193:ENCOLADO ans_e665df6d-aabc-462a-9340-65996a4d62c2
EJECUTANDO:ans_e665df6d-aabc-462a-9340-65996a4d62c2
5493512474193:SUCCESS
5493512474193:ENCOLADO ans_98941ec8-8964-43a5-9fec-777d715f83b6
EJECUTANDO:ans_98941ec8-8964-43a5-9fec-777d715f83b6
5493512474193:SUCCESS
5493512474193:ENCOLADO ans_d7a8c918-0b39-440b-97ec-3f636f5e27f8
EJECUTANDO:ans_d7a8c918-0b39-440b-97ec-3f636f5e27f8
5493512474193:SUCCESS
5493512474193:ENCOLADO ans_cf76a0ec-4a99-48e6-8b53-bbac524bfe6e
EJECUTANDO:ans_cf76a0ec-4a99-48e6-8b53-bbac524bfe6e
5493512474193:SUCCESS
5493512474193:ENCOLADO ans_31e82156-3379-43d3-8f95-4cb351036e1b
EJECUTANDO:ans_31e82156-3379-43d3-8f95-4cb351036e1b
5493512474193:SUCCESS
5493512474193:ENCOLADO ans_066b9409-3d68-4ba6-af3c-408bed002b6e
EJECUTANDO:ans_066b9409-3d68-4ba6-af3c-408bed002b6e
5493512474193:SUCCESS
5493512474193:ENCOLADO ans_8f89e273-b238-4caf-9cea-3eb159aec646
EJECUTANDO:ans_8f89e273-b238-4caf-9cea-3eb159aec646
5493512474193:SUCCESS
5493512474193:ENCOLADO ans_1346ea54-cdb9-43a7-9d61-7e9f95c0f512
EJECUTANDO:ans_1346ea54-cdb9-43a7-9d61-7e9f95c0f512
5493512474193:SUCCESS
5493512474193:ENCOLADO ans_f7a4e25b-38de-42a8-a75d-38eaa416d6b7
EJECUTANDO:ans_f7a4e25b-38de-42a8-a75d-38eaa416d6b7
5493512474193:SUCCESS
5493512474193:ENCOLADO ans_8f89e273-b238-4caf-9cea-3eb159aec646
EJECUTANDO:ans_8f89e273-b238-4caf-9cea-3eb159aec646
5493512474193:SUCCESS
5493512474193:ENCOLADO ans_1346ea54-cdb9-43a7-9d61-7e9f95c0f512
EJECUTANDO:ans_1346ea54-cdb9-43a7-9d61-7e9f95c0f512
5493512474193:SUCCESS
5493512474193:ENCOLADO ans_b7bfccef-61a4-464e-9cb6-2ae12312e33d
EJECUTANDO:ans_b7bfccef-61a4-464e-9cb6-2ae12312e33d
5493512474193:SUCCESS
5493512474193:ENCOLADO ans_8f89e273-b238-4caf-9cea-3eb159aec646
EJECUTANDO:ans_8f89e273-b238-4caf-9cea-3eb159aec646
5493512474193:SUCCESS
5493512474193:ENCOLADO ans_1346ea54-cdb9-43a7-9d61-7e9f95c0f512
EJECUTANDO:ans_1346ea54-cdb9-43a7-9d61-7e9f95c0f512
5493512474193:SUCCESS
5493512474193:ENCOLADO ans_930242a8-1b6a-4f04-bafc-58c739d58079
EJECUTANDO:ans_930242a8-1b6a-4f04-bafc-58c739d58079
5493512474193:SUCCESS
5493512474193:ENCOLADO ans_8f89e273-b238-4caf-9cea-3eb159aec646
EJECUTANDO:ans_8f89e273-b238-4caf-9cea-3eb159aec646
5493512474193:SUCCESS
5493512474193:ENCOLADO ans_1346ea54-cdb9-43a7-9d61-7e9f95c0f512
EJECUTANDO:ans_1346ea54-cdb9-43a7-9d61-7e9f95c0f512
5493512474193:SUCCESS
5493512474193:ENCOLADO ans_1ebbe77a-4724-4371-a025-009b1ad7bb99
EJECUTANDO:ans_1ebbe77a-4724-4371-a025-009b1ad7bb99
5493512474193:SUCCESS
